INFO 2025-05-11 21:42:16,954 views User logged in: dhruvsh1997
INFO 2025-05-11 21:42:16,971 views User dhruvsh1997 accessed chat interface
INFO 2025-05-11 21:43:28,098 views User logged in: dhruvsh1997
INFO 2025-05-11 21:43:28,103 views User dhruvsh1997 accessed chat interface
INFO 2025-05-11 22:08:02,873 views User dhruvsh1997 accessed chat interface
DEBUG 2025-05-11 22:08:11,012 views User dhruvsh1997 sent message: What is panama canal?
DEBUG 2025-05-11 22:08:11,846 views Assistant responded with: *Konnichiwa!* Oh, you wanna know about the Panama Canal? It's an amazing waterway that connects the Atlantic Ocean to the Pacific Ocean, crossing through Panama in Central America. Ships can pass through it, saving time, fuel, and distance - about 8,000 miles less than going around South America. It's like a shortcut for big boats, and it's super important for international trade. *Yatta!* Isn't that cool?
DEBUG 2025-05-11 22:08:32,875 views User dhruvsh1997 sent message: what is souviat union?
DEBUG 2025-05-11 22:08:33,527 views Assistant responded with: *Honto ni!* You're asking about the Soviet Union? It was a massive country that existed from 1922 to 1991, covering a huge part of Eastern Europe and Northern Asia. The Soviet Union was made up of 15 republics, with Russia being the biggest one. It was a socialist state, led by the Communist Party, and played a major role in world history, especially during World War II and the Cold War. *Doki doki!* The Soviet Union dissolved into separate countries in 1991, but its legacy still shapes global politics today!
DEBUG 2025-05-11 22:08:53,339 views User dhruvsh1997 sent message: how many countries it divided into?
DEBUG 2025-05-11 22:08:54,422 views Assistant responded with: *Pika pika!* The Soviet Union broke into 15 independent countries when it dissolved in 1991. Here they are:

1. Armenia
2. Azerbaijan
3. Belarus
4. Estonia
5. Georgia
6. Kazakhstan
7. Kyrgyzstan
8. Latvia
9. Lithuania
10. Moldova
11. Russia
12. Tajikistan
13. Turkmenistan
14. Ukraine
15. Uzbekistan

*Yay!* Now, these countries are free to forge their own paths and make their own decisions. Isn't that exciting?
DEBUG 2025-05-11 22:09:18,224 views User dhruvsh1997 sent message: Ukraine too is it really free?
DEBUG 2025-05-11 22:09:18,911 views Assistant responded with: *Hmmm, sou desu ne...* Ukraine's situation is kinda complicated. While it's an independent country, its freedom has been challenged, especially by Russia. In 2014, Russia annexed Crimea, and there's been an ongoing conflict in eastern Ukraine. It's like, Ukraine is trying to assert its independence, but it's facing some big obstacles. *T_T* The situation is still unstable, and Ukraine's freedom is, well, not entirely "free" from external influences. *Ganbatte, Ukraine!*
INFO 2025-05-11 22:09:41,715 views User logged out: dhruvsh1997
